C51 COMPILER V9.01   AD                                                                    07/23/2013 14:15:08 PAGE 1   


C51 COMPILER V9.01, COMPILATION OF MODULE AD
OBJECT MODULE PLACED IN .\out\AD.obj
COMPILER INVOKED BY: D:\Program Files (x86)\keil\C51\BIN\C51.EXE AD.c LARGE BROWSE DEBUG OBJECTEXTEND PRINT(.\listing\AD
                    -.lst) OBJECT(.\out\AD.obj)

line level    source

   1          
   2          
   3          
   4          #include"N79E81x.h"
   5          #include<intrins.h>
   6          #include"AD.h"
   7          
   8          
   9          
  10          
  11          
  12          
  13          
  14          /*
  15          函数名：Delay
  16          功能：延时
  17          说明：
  18          入口参数：WORD n
  19          返回值：无
  20          */
  21          void Delay(unsigned int n)
  22          {
  23   1              unsigned int x;
  24   1              while(n--)
  25   1              {
  26   2                      x=5000;
  27   2                      while(x--);
  28   2              }
  29   1      }
  30          
  31          
  32          /*
  33          函数名： void InitADC(void)
  34          功能：  初始化ADC
  35          说明：
  36          入口参数：无
  37          返回值：  无
  38          */
  39          //void InitADC(void)
  40          //{
  41          //      P1M0=0x03;
  42          //      P1M1=0x03;//设置P1.0和P1.1口为高阻态，进行AD
  43          //      P1=0xff;//初始化P1口
  44          //      ADC_DATA=0;
  45          //      ADC_CONTR=ADC_POWER|ADC_SPEEDLL;
  46          //      Delay(2);
  47          //}
  48          
  49          
  50          
  51          /*
  52          函数名：  GetADCResult
  53          功能：  读取指定通道的ADC转换值
  54          说明：
C51 COMPILER V9.01   AD                                                                    07/23/2013 14:15:08 PAGE 2   

  55          入口参数： 指定的通道
  56          返回值：   读回的AD值
  57          */
  58          unsigned char GetADCResult(unsigned char ch)
  59          {
  60   1              unsigned char DataL=0;
  61   1              unsigned char DataH=0;
  62   1              if(ch==5)//检测拾音器的电量大小
  63   1              {
  64   2                      P0DIDS|=0x20; // Set ADC0 (P0.5 default) is input only mode
  65   2      //              P0M1&=0xe7;
  66   2      //              P0M2&=0xe7;
  67   2      
  68   2                      AADR0=0;        //选择通道P0.5
  69   2                      AADR1=0;
  70   2                      AADR2=1;
  71   2                                                                                
  72   2                  ADCCON1|=0x80;                                          // Enable ADC Function   
  73   2                      
  74   2                      ADCI=0;                                           // Clear ADC flag (ADCI=0)
  75   2              ADCS=1;  
  76   2                      
  77   2                      DataL=ADCCON0;
  78   2                      DataL=DataL>>6; 
  79   2      
  80   2                      DataH=ADCH;
  81   2                      DataH=(DataH<<2)+DataL;
  82   2      
  83   2                      return DataH;
  84   2              }
  85   1              else if(ch==6) //电池检测
  86   1              {
  87   2                      P0DIDS|=0x40; // Set ADC0 (P0.6 default) is input only mode
  88   2      //              P0M1&=0xe7;
  89   2      //              P0M2&=0xe7;
  90   2      
  91   2                      AADR0=1;        //选择通道P0.6
  92   2                      AADR1=0;
  93   2                      AADR2=1;
  94   2                                                                                
  95   2                  ADCCON1|=0x80;                                          // Enable ADC Function   
  96   2                      
  97   2                      ADCI=0;                                           // Clear ADC flag (ADCI=0)
  98   2              ADCS=1;  
  99   2                      
 100   2                      DataL=ADCCON0;
 101   2                      DataL=DataL>>6; 
 102   2      
 103   2                      DataH=ADCH;
 104   2                      DataH=(DataH<<2)+DataL;
 105   2      
 106   2                      return DataH;
 107   2              }
 108   1      
 109   1      }
 110          
 111          
 112          
*** WARNING C291 IN LINE 109 OF AD.C: not every exit path returns a value


MODULE INFORMATION:   STATIC OVERLAYABLE
C51 COMPILER V9.01   AD                                                                    07/23/2013 14:15:08 PAGE 3   

   CODE SIZE        =     79    ----
   CONSTANT SIZE    =   ----    ----
   XDATA SIZE       =   ----    ----
   PDATA SIZE       =   ----    ----
   DATA SIZE        =   ----    ----
   IDATA SIZE       =   ----    ----
   BIT SIZE         =   ----    ----
END OF MODULE INFORMATION.


C51 COMPILATION COMPLETE.  1 WARNING(S),  0 ERROR(S)
