C51 COMPILER V9.01   VOICE                                                                 05/30/2013 10:23:44 PAGE 1   


C51 COMPILER V9.01, COMPILATION OF MODULE VOICE
OBJECT MODULE PLACED IN .\out\VOICE.obj
COMPILER INVOKED BY: d:\Keil\C51\BIN\C51.EXE VOICE.c LARGE BROWSE DEBUG OBJECTEXTEND PRINT(.\listing\VOICE.lst) OBJECT(.
                    -\out\VOICE.obj)

line level    source

   1          
   2          
   3          #include "N79E81x.h"
   4          #include"VOICE.h"
   5          
   6          
   7          //延时 X 毫秒
   8          void delay_ms(unsigned int count)
   9          {
  10   1              unsigned int i,j;
  11   1              for(i=0;i<count;i++)
  12   1              {
  13   2                      for(j=0;j<500;j++);
  14   2              }
  15   1      }
  16          
  17          
  18          
  19          
  20          //延时 X 微秒
  21          void delay_us(unsigned int count)
  22          {
  23   1              unsigned int i,j;
  24   1              for(i=0;i<count;i++)
  25   1              {
  26   2                      for(j=0;j<2;j++);
  27   2              }
  28   1      }
  29            
  30          //控制地址段放音
  31          void SC_Speech(unsigned char cnt)
  32          {
  33   1              unsigned char i;
  34   1      //      SC_RST=1;
  35   1      //      delay_ms(15); //DAC, 大于 32 段为 15MS
  36   1              SC_RST=0;
  37   1              delay_ms(30);
  38   1              SC_RST=1;
  39   1              delay_ms(30);
  40   1              for(i=0;i < cnt;i++)
  41   1              {
  42   2                      SC_DATA=1; // 数据脉冲高
  43   2                      delay_us(250); // 延时 100US
  44   2                      SC_DATA=0; // 数据脉冲低
  45   2                      delay_us(250); // 延时 100US
  46   2              }
  47   1      }
  48          
  49          void noVoice()
  50          {
  51   1              P14=0;
  52   1              SC_DATA=0;
  53   1              SC_RST=0;
  54   1              delay_us(1000); // 上电复位防止干扰发声
C51 COMPILER V9.01   VOICE                                                                 05/30/2013 10:23:44 PAGE 2   

  55   1              SC_RST=1;
  56   1              delay_us(1000);
  57   1              P14=1;
  58   1      }
  59          
  60          


MODULE INFORMATION:   STATIC OVERLAYABLE
   CODE SIZE        =    134    ----
   CONSTANT SIZE    =   ----    ----
   XDATA SIZE       =   ----       1
   PDATA SIZE       =   ----    ----
   DATA SIZE        =   ----    ----
   IDATA SIZE       =   ----    ----
   BIT SIZE         =   ----    ----
END OF MODULE INFORMATION.


C51 COMPILATION COMPLETE.  0 WARNING(S),  0 ERROR(S)
