C51 COMPILER V9.00   AD                                                                    05/13/2013 14:33:29 PAGE 1   


C51 COMPILER V9.00, COMPILATION OF MODULE AD
OBJECT MODULE PLACED IN .\out\AD.obj
COMPILER INVOKED BY: E:\Program Files (x86)\keil\C51\BIN\C51.EXE AD.c BROWSE DEBUG OBJECTEXTEND PRINT(.\listing\AD.lst) 
                    -OBJECT(.\out\AD.obj)

line level    source

   1          
   2          #include"N79E81x.h"
   3          #include<intrins.h>
   4          #include"AD.h"
   5          
   6          
   7          //typedef unsigned char BYTE;
   8          //typedef unsigned int  WORD;
   9          
  10          
  11          
  12          
  13          
  14          /*
  15          函数名：Delay
  16          功能：延时
  17          说明：
  18          入口参数：WORD n
  19          返回值：无
  20          */
  21          void Delay(unsigned int n)
  22          {
  23   1              unsigned int x;
  24   1              while(n--)
  25   1              {
  26   2                      x=5000;
  27   2                      while(x--);
  28   2              }
  29   1      }
  30          
  31          
  32          /*
  33          函数名： void InitADC(void)
  34          功能：  初始化ADC
  35          说明：
  36          入口参数：无
  37          返回值：  无
  38          */
  39          //void InitADC(void)
  40          //{
  41          //      P1M0=0x03;
  42          //      P1M1=0x03;//设置P1.0和P1.1口为高阻态，进行AD
  43          //      P1=0xff;//初始化P1口
  44          //      ADC_DATA=0;
  45          //      ADC_CONTR=ADC_POWER|ADC_SPEEDLL;
  46          //      Delay(2);
  47          //}
  48          
  49          
  50          
  51          /*
  52          函数名：  GetADCResult
  53          功能：  读取指定通道的ADC转换值
  54          说明：
C51 COMPILER V9.00   AD                                                                    05/13/2013 14:33:29 PAGE 2   

  55          入口参数： 指定的通道
  56          返回值：   读回的AD值
  57          */
  58          unsigned int GetADCResult(unsigned char ch)
  59          {
  60   1              unsigned char DataL=0;
  61   1              unsigned int DataH=0;
  62   1              if(ch==5)//检测拾音器的电量大小
  63   1              {
  64   2                      P0DIDS|=0x20; // Set ADC0 (P0.5 default) is input only mode
  65   2      
  66   2                      AADR0=0;        //选择通道P0.5
  67   2                      AADR1=0;
  68   2                      AADR2=1;
  69   2                                                                                
  70   2                  ADCCON1|=0x80;                                          // Enable ADC Function   
  71   2                      
  72   2                      ADCI=0;                                           // Clear ADC flag (ADCI=0)
  73   2              ADCS=1;  
  74   2                      
  75   2                      DataL=ADCCON0;
  76   2                      DataL=DataL>>6; 
  77   2      
  78   2                      DataH=ADCH;
  79   2                      DataH=(DataH<<2)+DataL;
  80   2      
  81   2                      return DataH;
  82   2              }
  83   1              else if(ch==6) //电池检测
  84   1              {
  85   2                      P0DIDS|=0x40; // Set ADC0 (P0.6 default) is input only mode
  86   2      
  87   2                      AADR0=1;        //选择通道P0.5
  88   2                      AADR1=0;
  89   2                      AADR2=1;
  90   2                                                                                
  91   2                  ADCCON1|=0x80;                                          // Enable ADC Function   
  92   2                      
  93   2                      ADCI=0;                                           // Clear ADC flag (ADCI=0)
  94   2              ADCS=1;  
  95   2                      
  96   2                      DataL=ADCCON0;
  97   2                      DataL=DataL>>6; 
  98   2      
  99   2                      DataH=ADCH;
 100   2                      DataH=(DataH<<2)+DataL;
 101   2      
 102   2                      return DataH;
 103   2              }
 104   1      }
 105          
 106          
 107          
*** WARNING C291 IN LINE 104 OF AD.C: not every exit path returns a value


MODULE INFORMATION:   STATIC OVERLAYABLE
   CODE SIZE        =    143    ----
   CONSTANT SIZE    =   ----    ----
   XDATA SIZE       =   ----    ----
   PDATA SIZE       =   ----    ----
   DATA SIZE        =   ----    ----
C51 COMPILER V9.00   AD                                                                    05/13/2013 14:33:29 PAGE 3   

   IDATA SIZE       =   ----    ----
   BIT SIZE         =   ----    ----
END OF MODULE INFORMATION.


C51 COMPILATION COMPLETE.  1 WARNING(S),  0 ERROR(S)
