C51 COMPILER V9.01   T0                                                                    05/30/2013 10:25:25 PAGE 1   


C51 COMPILER V9.01, COMPILATION OF MODULE T0
OBJECT MODULE PLACED IN .\out\T0.obj
COMPILER INVOKED BY: d:\Keil\C51\BIN\C51.EXE T0.c BROWSE DEBUG OBJECTEXTEND PRINT(.\listing\T0.lst) OBJECT(.\out\T0.obj)

line level    source

   1          
   2          
   3          #include"N79E81x.h"
   4          #include<intrins.h>
   5          #include"T0.h"
   6          
   7          
   8          void InitT0()
   9          {
  10   1      //      TMOD=0x21;//定时器0采用1方式
  11   1              TMOD=0x11;//定时器0采用1方式
  12   1              TH0=timer0H;//
  13   1              TL0=timer0L;      //约为100us
  14   1              TR0=1;
  15   1      }
  16          
  17          


MODULE INFORMATION:   STATIC OVERLAYABLE
   CODE SIZE        =     12    ----
   CONSTANT SIZE    =   ----    ----
   XDATA SIZE       =   ----    ----
   PDATA SIZE       =   ----    ----
   DATA SIZE        =   ----    ----
   IDATA SIZE       =   ----    ----
   BIT SIZE         =   ----    ----
END OF MODULE INFORMATION.


C51 COMPILATION COMPLETE.  0 WARNING(S),  0 ERROR(S)
