C51 COMPILER V9.01   VOICE                                                                 05/30/2013 10:25:26 PAGE 1   


C51 COMPILER V9.01, COMPILATION OF MODULE VOICE
OBJECT MODULE PLACED IN .\out\VOICE.obj
COMPILER INVOKED BY: d:\Keil\C51\BIN\C51.EXE VOICE.c BROWSE DEBUG OBJECTEXTEND PRINT(.\listing\VOICE.lst) OBJECT(.\out\V
                    -OICE.obj)

line level    source

   1          
   2          #include "N79E81x.h"
   3          #include"VOICE.h"
   4          
   5          
   6          
   7          
   8          //延时 1 毫秒
   9          void delay_ms(unsigned int count)
  10          {
  11   1              unsigned int i,j;
  12   1              for(i=0;i<count;i++)
  13   1              {
  14   2      //              for(j=0;j<500;j++);
  15   2                      for(j=0;j<600;j++);
  16   2              }
  17   1      }
  18          
  19          
  20          
  21          
  22          
  23          
  24          //延时 10 微秒
  25          void delay_us(unsigned int count)
  26          {
  27   1              unsigned int i,j;
  28   1              for(i=0;i<count;i++)
  29   1              {
  30   2      //              for(j=0;j<2;j++);
  31   2                      for(j=0;j<2;j++);
  32   2              }
  33   1      }
  34          
  35          
  36          //控制地址段放音
  37          void SC_Speech(unsigned char cnt)
  38          {
  39   1              unsigned char i;
  40   1      //      SC_RST=1;
  41   1      //      delay_ms(15); //DAC, 大于 32 段为 15MS
  42   1              SC_RST=0;
  43   1              delay_ms(40);
  44   1              SC_RST=1;
  45   1              delay_ms(40);
  46   1      //      SC_RST=0;
  47   1      //      delay_ms(15);
  48   1              for(i=0;i < cnt;i++)
  49   1              {
  50   2                      SC_DATA=1; // 数据脉冲高
  51   2      //              delay_us(250); // 延时 100US
  52   2                      delay_us(250); // 延时 100US
  53   2                      SC_DATA=0; // 数据脉冲低
  54   2      //              delay_us(250); // 延时 100US
C51 COMPILER V9.01   VOICE                                                                 05/30/2013 10:25:26 PAGE 2   

  55   2                      delay_us(250); // 延时 100US
  56   2              }
  57   1      }
  58          
  59          void noVoice()
  60          {
  61   1              P14=0;
  62   1              SC_DATA=0;
  63   1              SC_RST=0;
  64   1              delay_us(1000); // 上电复位防止干扰发声
  65   1              SC_RST=1;
  66   1              delay_us(1000);
  67   1              P14=1;
  68   1      }
  69          
  70          


MODULE INFORMATION:   STATIC OVERLAYABLE
   CODE SIZE        =    127    ----
   CONSTANT SIZE    =   ----    ----
   XDATA SIZE       =   ----    ----
   PDATA SIZE       =   ----    ----
   DATA SIZE        =   ----       1
   IDATA SIZE       =   ----    ----
   BIT SIZE         =   ----    ----
END OF MODULE INFORMATION.


C51 COMPILATION COMPLETE.  0 WARNING(S),  0 ERROR(S)
